<?xml version="1.0" encoding="UTF-8"?>
<!-- Generated by org.testng.reporters.JUnitXMLReporter -->
<testsuite hostname="Giovanni_Leon" name="Command line test" tests="23" failures="2" timestamp="27 Apr 2016 00:56:38 GMT" time="0.1" errors="0">
  <testcase name="aSingleNumberC" time="0.0" classname="com.swa.samples.RomanNumberTranslatorTest"/>
  <testcase name="aSingleNumberD" time="0.0" classname="com.swa.samples.RomanNumberTranslatorTest"/>
  <testcase name="aSingleNumberI" time="0.0" classname="com.swa.samples.RomanNumberTranslatorTest"/>
  <testcase name="aSingleNumberL" time="0.0" classname="com.swa.samples.RomanNumberTranslatorTest"/>
  <testcase name="aSingleNumberM" time="0.0" classname="com.swa.samples.RomanNumberTranslatorTest"/>
  <testcase name="aSingleNumberV" time="0.0" classname="com.swa.samples.RomanNumberTranslatorTest"/>
  <testcase name="aSingleNumberX" time="0.0" classname="com.swa.samples.RomanNumberTranslatorTest"/>
  <testcase name="fourLetterBaseTen" time="0.0" classname="com.swa.samples.RomanNumberTranslatorTest"/>
  <testcase name="letterTypeIrepeted" time="0.0" classname="com.swa.samples.RomanNumberTranslatorTest"/>
  <testcase name="letterTypeIwithTwoMoreVaueVIX" time="0.0" classname="com.swa.samples.RomanNumberTranslatorTest"/>
  <testcase name="letter_Type5subtract_405" time="0.0" classname="com.swa.samples.RomanNumberTranslatorTest"/>
  <testcase name="letter_Type5subtract_45" time="0.0" classname="com.swa.samples.RomanNumberTranslatorTest"/>
  <testcase name="letter_Type5subtract_450" time="0.0" classname="com.swa.samples.RomanNumberTranslatorTest"/>
  <testcase name="letter_Type5subtract_9" time="0.0" classname="com.swa.samples.RomanNumberTranslatorTest">
    <failure type="java.lang.AssertionError" message="No exception was throw it is a invalid Number">
      <![CDATA[java.lang.AssertionError: No exception was throw it is a invalid Number
	at com.swa.samples.RomanNumberTranslatorTest.letter_Type5subtract_9(RomanNumberTranslatorTest.java:209)
	at org.infinitest.testrunner.JUnit4Runner.runTestNGTest(JUnit4Runner.java:83)
	at org.infinitest.testrunner.JUnit4Runner.runTest(JUnit4Runner.java:63)
	at org.infinitest.testrunner.TestRunnerProcess.runTest(TestRunnerProcess.java:70)
	at org.infinitest.testrunner.TestRunnerProcess.writeTestResultToOutputStream(TestRunnerProcess.java:112)
	at org.infinitest.testrunner.TestRunnerProcess.main(TestRunnerProcess.java:89)
... Removed 22 stack frames]]>
    </failure>
  </testcase> <!-- letter_Type5subtract_9 -->
  <testcase name="moreThanTwoLetters_XLV" time="0.0" classname="com.swa.samples.RomanNumberTranslatorTest"/>
  <testcase name="numberWithBaseDCanNotBeRepeated_DDD" time="0.0" classname="com.swa.samples.RomanNumberTranslatorTest"/>
  <testcase name="numberWithBaseLCanNotBeRepeated_LL" time="0.0" classname="com.swa.samples.RomanNumberTranslatorTest"/>
  <testcase name="numberWithBaseVCanNotBeRepeated_VV" time="0.0" classname="com.swa.samples.RomanNumberTranslatorTest"/>
  <testcase name="numbers_I_and_base10_cannot_repeat_just_4times" time="0.0" classname="com.swa.samples.RomanNumberTranslatorTest"/>
  <testcase name="saveNumberInFile" time="0.0" classname="com.swa.samples.RomanNumberTranslatorTest">
    <failure type="java.lang.AssertionError" message="expected [true] but found [false]">
      <![CDATA[java.lang.AssertionError: expected [true] but found [false]
	at com.swa.samples.RomanNumberTranslatorTest.saveNumberInFile(RomanNumberTranslatorTest.java:268)
	at org.infinitest.testrunner.JUnit4Runner.runTestNGTest(JUnit4Runner.java:83)
	at org.infinitest.testrunner.JUnit4Runner.runTest(JUnit4Runner.java:63)
	at org.infinitest.testrunner.TestRunnerProcess.runTest(TestRunnerProcess.java:70)
	at org.infinitest.testrunner.TestRunnerProcess.writeTestResultToOutputStream(TestRunnerProcess.java:112)
	at org.infinitest.testrunner.TestRunnerProcess.main(TestRunnerProcess.java:89)
... Removed 25 stack frames]]>
    </failure>
  </testcase> <!-- saveNumberInFile -->
  <testcase name="thereLetterTest_VIII" time="0.0" classname="com.swa.samples.RomanNumberTranslatorTest"/>
  <testcase name="threeLetterBaseTen" time="0.0" classname="com.swa.samples.RomanNumberTranslatorTest"/>
  <testcase name="twoLetterWithLessValueToTheLeftIV" time="0.0" classname="com.swa.samples.RomanNumberTranslatorTest"/>
</testsuite> <!-- Command line test -->
