<html>
<head>
<title>TestNG:  Command line test</title>
<link href="../testng.css" rel="stylesheet" type="text/css" />
<link href="../my-testng.css" rel="stylesheet" type="text/css" />

<style type="text/css">
.log { display: none;} 
.stack-trace { display: none;} 
</style>
<script type="text/javascript">
<!--
function flip(e) {
  current = e.style.display;
  if (current == 'block') {
    e.style.display = 'none';
    return 0;
  }
  else {
    e.style.display = 'block';
    return 1;
  }
}

function toggleBox(szDivId, elem, msg1, msg2)
{
  var res = -1;  if (document.getElementById) {
    res = flip(document.getElementById(szDivId));
  }
  else if (document.all) {
    // this is the way old msie versions work
    res = flip(document.all[szDivId]);
  }
  if(elem) {
    if(res == 0) elem.innerHTML = msg1; else elem.innerHTML = msg2;
  }

}

function toggleAllBoxes() {
  if (document.getElementsByTagName) {
    d = document.getElementsByTagName('div');
    for (i = 0; i < d.length; i++) {
      if (d[i].className == 'log') {
        flip(d[i]);
      }
    }
  }
}

// -->
</script>

</head>
<body>
<h2 align='center'>Command line test</h2><table border='1' align="center">
<tr>
<td>Tests passed/Failed/Skipped:</td><td>21/2/0</td>
</tr><tr>
<td>Started on:</td><td>Tue Apr 26 19:56:38 COT 2016</td>
</tr>
<tr><td>Total time:</td><td>0 seconds (100 ms)</td>
</tr><tr>
<td>Included groups:</td><td></td>
</tr><tr>
<td>Excluded groups:</td><td></td>
</tr>
</table><p/>
<small><i>(Hover the method name to see the test class name)</i></small><p/>
<table width='100%' border='1' class='invocation-failed'>
<tr><td colspan='4' align='center'><b>FAILED TESTS</b></td></tr>
<tr><td><b>Test method</b></td>
<td width="30%"><b>Exception</b></td>
<td width="10%"><b>Time (seconds)</b></td>
<td><b>Instance</b></td>
</tr>
<tr>
<td title='com.swa.samples.RomanNumberTranslatorTest.letter_Type5subtract_9()'><b>letter_Type5subtract_9</b><br>Test class: com.swa.samples.RomanNumberTranslatorTest</td>
<td><div><pre>java.lang.AssertionError: No exception was throw it is a invalid Number
	at com.swa.samples.RomanNumberTranslatorTest.letter_Type5subtract_9(RomanNumberTranslatorTest.java:209)
	at org.infinitest.testrunner.JUnit4Runner.runTestNGTest(JUnit4Runner.java:83)
	at org.infinitest.testrunner.JUnit4Runner.runTest(JUnit4Runner.java:63)
	at org.infinitest.testrunner.TestRunnerProcess.runTest(TestRunnerProcess.java:70)
	at org.infinitest.testrunner.TestRunnerProcess.writeTestResultToOutputStream(TestRunnerProcess.java:112)
	at org.infinitest.testrunner.TestRunnerProcess.main(TestRunnerProcess.java:89)
... Removed 22 stack frames</pre></div><a href='#' onClick='toggleBox("stack-trace1316864772", this, "Click to show all stack frames", "Click to hide stack frames")'>Click to show all stack frames</a>
<div class='stack-trace' id='stack-trace1316864772'><pre>java.lang.AssertionError: No exception was throw it is a invalid Number
	at org.testng.Assert.fail(Assert.java:94)
	at com.swa.samples.RomanNumberTranslatorTest.letter_Type5subtract_9(RomanNumberTranslatorTest.java:209)
	at sun.reflect.NativeMethodAccessorImpl.invoke0(Native Method)
	at sun.reflect.NativeMethodAccessorImpl.invoke(NativeMethodAccessorImpl.java:62)
	at sun.reflect.DelegatingMethodAccessorImpl.invoke(DelegatingMethodAccessorImpl.java:43)
	at java.lang.reflect.Method.invoke(Method.java:497)
	at org.testng.internal.MethodInvocationHelper.invokeMethod(MethodInvocationHelper.java:86)
	at org.testng.internal.Invoker.invokeMethod(Invoker.java:643)
	at org.testng.internal.Invoker.invokeTestMethod(Invoker.java:820)
	at org.testng.internal.Invoker.invokeTestMethods(Invoker.java:1128)
	at org.testng.internal.TestMethodWorker.invokeTestMethods(TestMethodWorker.java:129)
	at org.testng.internal.TestMethodWorker.run(TestMethodWorker.java:112)
	at org.testng.TestRunner.privateRun(TestRunner.java:782)
	at org.testng.TestRunner.run(TestRunner.java:632)
	at org.testng.SuiteRunner.runTest(SuiteRunner.java:366)
	at org.testng.SuiteRunner.runSequentially(SuiteRunner.java:361)
	at org.testng.SuiteRunner.privateRun(SuiteRunner.java:319)
	at org.testng.SuiteRunner.run(SuiteRunner.java:268)
	at org.testng.SuiteRunnerWorker.runSuite(SuiteRunnerWorker.java:52)
	at org.testng.SuiteRunnerWorker.run(SuiteRunnerWorker.java:86)
	at org.testng.TestNG.runSuitesSequentially(TestNG.java:1244)
	at org.testng.TestNG.runSuitesLocally(TestNG.java:1169)
	at org.testng.TestNG.run(TestNG.java:1064)
	at org.infinitest.testrunner.JUnit4Runner.runTestNGTest(JUnit4Runner.java:83)
	at org.infinitest.testrunner.JUnit4Runner.runTest(JUnit4Runner.java:63)
	at org.infinitest.testrunner.TestRunnerProcess.runTest(TestRunnerProcess.java:70)
	at org.infinitest.testrunner.TestRunnerProcess.writeTestResultToOutputStream(TestRunnerProcess.java:112)
	at org.infinitest.testrunner.TestRunnerProcess.main(TestRunnerProcess.java:89)
</pre></div></td>
<td>0</td>
<td>com.swa.samples.RomanNumberTranslatorTest@3796751b</td></tr>
<tr>
<td title='com.swa.samples.RomanNumberTranslatorTest.saveNumberInFile()'><b>saveNumberInFile</b><br>Test class: com.swa.samples.RomanNumberTranslatorTest</td>
<td><div><pre>java.lang.AssertionError: expected [true] but found [false]
	at com.swa.samples.RomanNumberTranslatorTest.saveNumberInFile(RomanNumberTranslatorTest.java:268)
	at org.infinitest.testrunner.JUnit4Runner.runTestNGTest(JUnit4Runner.java:83)
	at org.infinitest.testrunner.JUnit4Runner.runTest(JUnit4Runner.java:63)
	at org.infinitest.testrunner.TestRunnerProcess.runTest(TestRunnerProcess.java:70)
	at org.infinitest.testrunner.TestRunnerProcess.writeTestResultToOutputStream(TestRunnerProcess.java:112)
	at org.infinitest.testrunner.TestRunnerProcess.main(TestRunnerProcess.java:89)
... Removed 25 stack frames</pre></div><a href='#' onClick='toggleBox("stack-trace513169028", this, "Click to show all stack frames", "Click to hide stack frames")'>Click to show all stack frames</a>
<div class='stack-trace' id='stack-trace513169028'><pre>java.lang.AssertionError: expected [true] but found [false]
	at org.testng.Assert.fail(Assert.java:94)
	at org.testng.Assert.failNotEquals(Assert.java:513)
	at org.testng.Assert.assertTrue(Assert.java:42)
	at org.testng.Assert.assertTrue(Assert.java:52)
	at com.swa.samples.RomanNumberTranslatorTest.saveNumberInFile(RomanNumberTranslatorTest.java:268)
	at sun.reflect.NativeMethodAccessorImpl.invoke0(Native Method)
	at sun.reflect.NativeMethodAccessorImpl.invoke(NativeMethodAccessorImpl.java:62)
	at sun.reflect.DelegatingMethodAccessorImpl.invoke(DelegatingMethodAccessorImpl.java:43)
	at java.lang.reflect.Method.invoke(Method.java:497)
	at org.testng.internal.MethodInvocationHelper.invokeMethod(MethodInvocationHelper.java:86)
	at org.testng.internal.Invoker.invokeMethod(Invoker.java:643)
	at org.testng.internal.Invoker.invokeTestMethod(Invoker.java:820)
	at org.testng.internal.Invoker.invokeTestMethods(Invoker.java:1128)
	at org.testng.internal.TestMethodWorker.invokeTestMethods(TestMethodWorker.java:129)
	at org.testng.internal.TestMethodWorker.run(TestMethodWorker.java:112)
	at org.testng.TestRunner.privateRun(TestRunner.java:782)
	at org.testng.TestRunner.run(TestRunner.java:632)
	at org.testng.SuiteRunner.runTest(SuiteRunner.java:366)
	at org.testng.SuiteRunner.runSequentially(SuiteRunner.java:361)
	at org.testng.SuiteRunner.privateRun(SuiteRunner.java:319)
	at org.testng.SuiteRunner.run(SuiteRunner.java:268)
	at org.testng.SuiteRunnerWorker.runSuite(SuiteRunnerWorker.java:52)
	at org.testng.SuiteRunnerWorker.run(SuiteRunnerWorker.java:86)
	at org.testng.TestNG.runSuitesSequentially(TestNG.java:1244)
	at org.testng.TestNG.runSuitesLocally(TestNG.java:1169)
	at org.testng.TestNG.run(TestNG.java:1064)
	at org.infinitest.testrunner.JUnit4Runner.runTestNGTest(JUnit4Runner.java:83)
	at org.infinitest.testrunner.JUnit4Runner.runTest(JUnit4Runner.java:63)
	at org.infinitest.testrunner.TestRunnerProcess.runTest(TestRunnerProcess.java:70)
	at org.infinitest.testrunner.TestRunnerProcess.writeTestResultToOutputStream(TestRunnerProcess.java:112)
	at org.infinitest.testrunner.TestRunnerProcess.main(TestRunnerProcess.java:89)
</pre></div></td>
<td>0</td>
<td>com.swa.samples.RomanNumberTranslatorTest@3796751b</td></tr>
</table><p>
<table width='100%' border='1' class='invocation-passed'>
<tr><td colspan='4' align='center'><b>PASSED TESTS</b></td></tr>
<tr><td><b>Test method</b></td>
<td width="30%"><b>Exception</b></td>
<td width="10%"><b>Time (seconds)</b></td>
<td><b>Instance</b></td>
</tr>
<tr>
<td title='com.swa.samples.RomanNumberTranslatorTest.aSingleNumberC()'><b>aSingleNumberC</b><br>Test class: com.swa.samples.RomanNumberTranslatorTest</td>
<td></td>
<td>0</td>
<td>com.swa.samples.RomanNumberTranslatorTest@3796751b</td></tr>
<tr>
<td title='com.swa.samples.RomanNumberTranslatorTest.aSingleNumberD()'><b>aSingleNumberD</b><br>Test class: com.swa.samples.RomanNumberTranslatorTest</td>
<td></td>
<td>0</td>
<td>com.swa.samples.RomanNumberTranslatorTest@3796751b</td></tr>
<tr>
<td title='com.swa.samples.RomanNumberTranslatorTest.aSingleNumberI()'><b>aSingleNumberI</b><br>Test class: com.swa.samples.RomanNumberTranslatorTest</td>
<td></td>
<td>0</td>
<td>com.swa.samples.RomanNumberTranslatorTest@3796751b</td></tr>
<tr>
<td title='com.swa.samples.RomanNumberTranslatorTest.aSingleNumberL()'><b>aSingleNumberL</b><br>Test class: com.swa.samples.RomanNumberTranslatorTest</td>
<td></td>
<td>0</td>
<td>com.swa.samples.RomanNumberTranslatorTest@3796751b</td></tr>
<tr>
<td title='com.swa.samples.RomanNumberTranslatorTest.aSingleNumberM()'><b>aSingleNumberM</b><br>Test class: com.swa.samples.RomanNumberTranslatorTest</td>
<td></td>
<td>0</td>
<td>com.swa.samples.RomanNumberTranslatorTest@3796751b</td></tr>
<tr>
<td title='com.swa.samples.RomanNumberTranslatorTest.aSingleNumberV()'><b>aSingleNumberV</b><br>Test class: com.swa.samples.RomanNumberTranslatorTest</td>
<td></td>
<td>0</td>
<td>com.swa.samples.RomanNumberTranslatorTest@3796751b</td></tr>
<tr>
<td title='com.swa.samples.RomanNumberTranslatorTest.aSingleNumberX()'><b>aSingleNumberX</b><br>Test class: com.swa.samples.RomanNumberTranslatorTest</td>
<td></td>
<td>0</td>
<td>com.swa.samples.RomanNumberTranslatorTest@3796751b</td></tr>
<tr>
<td title='com.swa.samples.RomanNumberTranslatorTest.fourLetterBaseTen()'><b>fourLetterBaseTen</b><br>Test class: com.swa.samples.RomanNumberTranslatorTest</td>
<td></td>
<td>0</td>
<td>com.swa.samples.RomanNumberTranslatorTest@3796751b</td></tr>
<tr>
<td title='com.swa.samples.RomanNumberTranslatorTest.letterTypeIrepeted()'><b>letterTypeIrepeted</b><br>Test class: com.swa.samples.RomanNumberTranslatorTest</td>
<td></td>
<td>0</td>
<td>com.swa.samples.RomanNumberTranslatorTest@3796751b</td></tr>
<tr>
<td title='com.swa.samples.RomanNumberTranslatorTest.letterTypeIwithTwoMoreVaueVIX()'><b>letterTypeIwithTwoMoreVaueVIX</b><br>Test class: com.swa.samples.RomanNumberTranslatorTest</td>
<td></td>
<td>0</td>
<td>com.swa.samples.RomanNumberTranslatorTest@3796751b</td></tr>
<tr>
<td title='com.swa.samples.RomanNumberTranslatorTest.letter_Type5subtract_405()'><b>letter_Type5subtract_405</b><br>Test class: com.swa.samples.RomanNumberTranslatorTest</td>
<td></td>
<td>0</td>
<td>com.swa.samples.RomanNumberTranslatorTest@3796751b</td></tr>
<tr>
<td title='com.swa.samples.RomanNumberTranslatorTest.letter_Type5subtract_45()'><b>letter_Type5subtract_45</b><br>Test class: com.swa.samples.RomanNumberTranslatorTest</td>
<td></td>
<td>0</td>
<td>com.swa.samples.RomanNumberTranslatorTest@3796751b</td></tr>
<tr>
<td title='com.swa.samples.RomanNumberTranslatorTest.letter_Type5subtract_450()'><b>letter_Type5subtract_450</b><br>Test class: com.swa.samples.RomanNumberTranslatorTest</td>
<td></td>
<td>0</td>
<td>com.swa.samples.RomanNumberTranslatorTest@3796751b</td></tr>
<tr>
<td title='com.swa.samples.RomanNumberTranslatorTest.moreThanTwoLetters_XLV()'><b>moreThanTwoLetters_XLV</b><br>Test class: com.swa.samples.RomanNumberTranslatorTest</td>
<td></td>
<td>0</td>
<td>com.swa.samples.RomanNumberTranslatorTest@3796751b</td></tr>
<tr>
<td title='com.swa.samples.RomanNumberTranslatorTest.numberWithBaseDCanNotBeRepeated_DDD()'><b>numberWithBaseDCanNotBeRepeated_DDD</b><br>Test class: com.swa.samples.RomanNumberTranslatorTest</td>
<td></td>
<td>0</td>
<td>com.swa.samples.RomanNumberTranslatorTest@3796751b</td></tr>
<tr>
<td title='com.swa.samples.RomanNumberTranslatorTest.numberWithBaseLCanNotBeRepeated_LL()'><b>numberWithBaseLCanNotBeRepeated_LL</b><br>Test class: com.swa.samples.RomanNumberTranslatorTest</td>
<td></td>
<td>0</td>
<td>com.swa.samples.RomanNumberTranslatorTest@3796751b</td></tr>
<tr>
<td title='com.swa.samples.RomanNumberTranslatorTest.numberWithBaseVCanNotBeRepeated_VV()'><b>numberWithBaseVCanNotBeRepeated_VV</b><br>Test class: com.swa.samples.RomanNumberTranslatorTest</td>
<td></td>
<td>0</td>
<td>com.swa.samples.RomanNumberTranslatorTest@3796751b</td></tr>
<tr>
<td title='com.swa.samples.RomanNumberTranslatorTest.numbers_I_and_base10_cannot_repeat_just_4times()'><b>numbers_I_and_base10_cannot_repeat_just_4times</b><br>Test class: com.swa.samples.RomanNumberTranslatorTest</td>
<td></td>
<td>0</td>
<td>com.swa.samples.RomanNumberTranslatorTest@3796751b</td></tr>
<tr>
<td title='com.swa.samples.RomanNumberTranslatorTest.thereLetterTest_VIII()'><b>thereLetterTest_VIII</b><br>Test class: com.swa.samples.RomanNumberTranslatorTest</td>
<td></td>
<td>0</td>
<td>com.swa.samples.RomanNumberTranslatorTest@3796751b</td></tr>
<tr>
<td title='com.swa.samples.RomanNumberTranslatorTest.threeLetterBaseTen()'><b>threeLetterBaseTen</b><br>Test class: com.swa.samples.RomanNumberTranslatorTest</td>
<td></td>
<td>0</td>
<td>com.swa.samples.RomanNumberTranslatorTest@3796751b</td></tr>
<tr>
<td title='com.swa.samples.RomanNumberTranslatorTest.twoLetterWithLessValueToTheLeftIV()'><b>twoLetterWithLessValueToTheLeftIV</b><br>Test class: com.swa.samples.RomanNumberTranslatorTest</td>
<td></td>
<td>0</td>
<td>com.swa.samples.RomanNumberTranslatorTest@3796751b</td></tr>
</table><p>
</body>
</html>